# JRE version: OpenJDK Runtime Environment (8.0_152-b01) (build 1.8.0_152-release-1024-b01)
# Java VM: OpenJDK 64-Bit Server VM (25.152-b01 mixed mode linux-amd64 compressed oops)
Heap:
 PSYoungGen      total 1276928K, used 7294K [0x000000076ab00000, 0x00000007c0000000, 0x00000007c0000000)
  eden space 1156096K, 0% used [0x000000076ab00000,0x000000076ab00000,0x00000007b1400000)
  from space 120832K, 6% used [0x00000007b1400000,0x00000007b1b1f848,0x00000007b8a00000)
  to   space 120832K, 0% used [0x00000007b8a00000,0x00000007b8a00000,0x00000007c0000000)
 ParOldGen       total 621568K, used 621210K [0x00000006c0000000, 0x00000006e5f00000, 0x000000076ab00000)
  object space 621568K, 99% used [0x00000006c0000000,0x00000006e5ea69d0,0x00000006e5f00000)
 Metaspace       used 92833K, capacity 99290K, committed 100096K, reserved 1136640K
  class space    used 11896K, capacity 13140K, committed 13312K, reserved 1048576K
GC Heap History (10 events):
Event: 5326.801 GC heap after
Heap after GC invocations=52 (full 4):
 PSYoungGen      total 1346048K, used 23162K [0x000000076ab00000, 0x00000007c0000000, 0x00000007c0000000)
  eden space 1318912K, 0% used [0x000000076ab00000,0x000000076ab00000,0x00000007bb300000)
  from space 27136K, 85% used [0x00000007be580000,0x00000007bfc1eb30,0x00000007c0000000)
  to   space 39424K, 0% used [0x00000007bb300000,0x00000007bb300000,0x00000007bd980000)
 ParOldGen       total 227840K, used 132394K [0x00000006c0000000, 0x00000006cde80000, 0x000000076ab00000)
  object space 227840K, 58% used [0x00000006c0000000,0x00000006c814a8f8,0x00000006cde80000)
 Metaspace       used 91203K, capacity 97648K, committed 97792K, reserved 1134592K
  class space    used 11738K, capacity 12987K, committed 13056K, reserved 1048576K
}
Event: 5330.332 GC heap before
{Heap before GC invocations=53 (full 4):
 PSYoungGen      total 1346048K, used 1342074K [0x000000076ab00000, 0x00000007c0000000, 0x00000007c0000000)
  eden space 1318912K, 100% used [0x000000076ab00000,0x00000007bb300000,0x00000007bb300000)
  from space 27136K, 85% used [0x00000007be580000,0x00000007bfc1eb30,0x00000007c0000000)
  to   space 39424K, 0% used [0x00000007bb300000,0x00000007bb300000,0x00000007bd980000)
 ParOldGen       total 227840K, used 132394K [0x00000006c0000000, 0x00000006cde80000, 0x000000076ab00000)
  object space 227840K, 58% used [0x00000006c0000000,0x00000006c814a8f8,0x00000006cde80000)
 Metaspace       used 91320K, capacity 97754K, committed 98048K, reserved 1134592K
  class space    used 11742K, capacity 12994K, committed 13056K, reserved 1048576K
Event: 5330.356 GC heap after
Heap after GC invocations=53 (full 4):
 PSYoungGen      total 1358336K, used 18314K [0x000000076ab00000, 0x00000007c0000000, 0x00000007c0000000)
  eden space 1318912K, 0% used [0x000000076ab00000,0x000000076ab00000,0x00000007bb300000)
  from space 39424K, 46% used [0x00000007bb300000,0x00000007bc4e2b98,0x00000007bd980000)
  to   space 39424K, 0% used [0x00000007bd980000,0x00000007bd980000,0x00000007c0000000)
 ParOldGen       total 227840K, used 132402K [0x00000006c0000000, 0x00000006cde80000, 0x000000076ab00000)
  object space 227840K, 58% used [0x00000006c0000000,0x00000006c814c8f8,0x00000006cde80000)
 Metaspace       used 91320K, capacity 97754K, committed 98048K, reserved 1134592K
  class space    used 11742K, capacity 12994K, committed 13056K, reserved 1048576K
}
Event: 5340.873 GC heap before
{Heap before GC invocations=54 (full 4):
 PSYoungGen      total 1358336K, used 1317673K [0x000000076ab00000, 0x00000007c0000000, 0x00000007c0000000)
  eden space 1318912K, 98% used [0x000000076ab00000,0x00000007b9fe7a88,0x00000007bb300000)
  from space 39424K, 46% used [0x00000007bb300000,0x00000007bc4e2b98,0x00000007bd980000)
  to   space 39424K, 0% used [0x00000007bd980000,0x00000007bd980000,0x00000007c0000000)
 ParOldGen       total 227840K, used 159504K [0x00000006c0000000, 0x00000006cde80000, 0x000000076ab00000)
  object space 227840K, 70% used [0x00000006c0000000,0x00000006c9bc4098,0x00000006cde80000)
 Metaspace       used 93021K, capacity 99788K, committed 100096K, reserved 1136640K
  class space    used 11961K, capacity 13255K, committed 13312K, reserved 1048576K
Event: 5341.543 GC heap after
Heap after GC invocations=54 (full 4):
 PSYoungGen      total 1195520K, used 39404K [0x000000076ab00000, 0x00000007c0000000, 0x00000007c0000000)
  eden space 1156096K, 0% used [0x000000076ab00000,0x000000076ab00000,0x00000007b1400000)
  from space 39424K, 99% used [0x00000007bd980000,0x00000007bfffb3e8,0x00000007c0000000)
  to   space 120832K, 0% used [0x00000007b1400000,0x00000007b1400000,0x00000007b8a00000)
 ParOldGen       total 359424K, used 358984K [0x00000006c0000000, 0x00000006d5f00000, 0x000000076ab00000)
  object space 359424K, 99% used [0x00000006c0000000,0x00000006d5e92088,0x00000006d5f00000)
 Metaspace       used 93021K, capacity 99788K, committed 100096K, reserved 1136640K
  class space    used 11961K, capacity 13255K, committed 13312K, reserved 1048576K
}
Event: 5341.547 GC heap before
{Heap before GC invocations=55 (full 5):
 PSYoungGen      total 1195520K, used 39404K [0x000000076ab00000, 0x00000007c0000000, 0x00000007c0000000)
  eden space 1156096K, 0% used [0x000000076ab00000,0x000000076ab00000,0x00000007b1400000)
  from space 39424K, 99% used [0x00000007bd980000,0x00000007bfffb3e8,0x00000007c0000000)
  to   space 120832K, 0% used [0x00000007b1400000,0x00000007b1400000,0x00000007b8a00000)
 ParOldGen       total 359424K, used 358984K [0x00000006c0000000, 0x00000006d5f00000, 0x000000076ab00000)
  object space 359424K, 99% used [0x00000006c0000000,0x00000006d5e92088,0x00000006d5f00000)
 Metaspace       used 93021K, capacity 99788K, committed 100096K, reserved 1136640K
  class space    used 11961K, capacity 13255K, committed 13312K, reserved 1048576K
Event: 5341.952 GC heap after
Heap after GC invocations=55 (full 5):
 PSYoungGen      total 1195520K, used 0K [0x000000076ab00000, 0x00000007c0000000, 0x00000007c0000000)
  eden space 1156096K, 0% used [0x000000076ab00000,0x000000076ab00000,0x00000007b1400000)
  from space 39424K, 0% used [0x00000007bd980000,0x00000007bd980000,0x00000007c0000000)
  to   space 120832K, 0% used [0x00000007b1400000,0x00000007b1400000,0x00000007b8a00000)
 ParOldGen       total 542720K, used 352524K [0x00000006c0000000, 0x00000006e1200000, 0x000000076ab00000)
  object space 542720K, 64% used [0x00000006c0000000,0x00000006d58430c8,0x00000006e1200000)
 Metaspace       used 92832K, capacity 99290K, committed 100096K, reserved 1136640K
  class space    used 11896K, capacity 13140K, committed 13312K, reserved 1048576K
}
Event: 5345.691 GC heap before
{Heap before GC invocations=56 (full 5):
 PSYoungGen      total 1195520K, used 1156096K [0x000000076ab00000, 0x00000007c0000000, 0x00000007c0000000)
  eden space 1156096K, 100% used [0x000000076ab00000,0x00000007b1400000,0x00000007b1400000)
  from space 39424K, 0% used [0x00000007bd980000,0x00000007bd980000,0x00000007c0000000)
  to   space 120832K, 0% used [0x00000007b1400000,0x00000007b1400000,0x00000007b8a00000)
 ParOldGen       total 542720K, used 374107K [0x00000006c0000000, 0x00000006e1200000, 0x000000076ab00000)
  object space 542720K, 68% used [0x00000006c0000000,0x00000006d6d56e20,0x00000006e1200000)
 Metaspace       used 92833K, capacity 99290K, committed 100096K, reserved 1136640K
  class space    used 11896K, capacity 13140K, committed 13312K, reserved 1048576K
Event: 5346.112 GC heap after
Heap after GC invocations=56 (full 5):
 PSYoungGen      total 1276928K, used 120831K [0x000000076ab00000, 0x00000007c0000000, 0x00000007c0000000)
  eden space 1156096K, 0% used [0x000000076ab00000,0x000000076ab00000,0x00000007b1400000)
  from space 120832K, 99% used [0x00000007b1400000,0x00000007b89ffd00,0x00000007b8a00000)
  to   space 120832K, 0% used [0x00000007b8a00000,0x00000007b8a00000,0x00000007c0000000)
 ParOldGen       total 621568K, used 621149K [0x00000006c0000000, 0x00000006e5f00000, 0x000000076ab00000)
  object space 621568K, 99% used [0x00000006c0000000,0x00000006e5e97658,0x00000006e5f00000)
 Metaspace       used 92833K, capacity 99290K, committed 100096K, reserved 1136640K
  class space    used 11896K, capacity 13140K, committed 13312K, reserved 1048576K
}
Event: 5346.121 GC heap before
{Heap before GC invocations=57 (full 6):
 PSYoungGen      total 1276928K, used 120831K [0x000000076ab00000, 0x00000007c0000000, 0x00000007c0000000)
  eden space 1156096K, 0% used [0x000000076ab00000,0x000000076ab00000,0x00000007b1400000)
  from space 120832K, 99% used [0x00000007b1400000,0x00000007b89ffd00,0x00000007b8a00000)
  to   space 120832K, 0% used [0x00000007b8a00000,0x00000007b8a00000,0x00000007c0000000)
 ParOldGen       total 621568K, used 621149K [0x00000006c0000000, 0x00000006e5f00000, 0x000000076ab00000)
  object space 621568K, 99% used [0x00000006c0000000,0x00000006e5e97658,0x00000006e5f00000)
 Metaspace       used 92833K, capacity 99290K, committed 100096K, reserved 1136640K
  class space    used 11896K, capacity 13140K, committed 13312K, reserved 1048576K

