# JRE version: OpenJDK Runtime Environment (8.0_152-b01) (build 1.8.0_152-release-1024-b01)
# Java VM: OpenJDK 64-Bit Server VM (25.152-b01 mixed mode linux-amd64 compressed oops)
Heap:
 PSYoungGen      total 792576K, used 0K [0x000000076ab00000, 0x00000007b4200000, 0x00000007c0000000)
  eden space 499712K, 0% used [0x000000076ab00000,0x000000076ab00000,0x0000000789300000)
  from space 292864K, 0% used [0x0000000789300000,0x0000000789300000,0x000000079b100000)
  to   space 304128K, 0% used [0x00000007a1900000,0x00000007a1900000,0x00000007b4200000)
 ParOldGen       total 1134080K, used 1043374K [0x00000006c0000000, 0x0000000705380000, 0x000000076ab00000)
  object space 1134080K, 92% used [0x00000006c0000000,0x00000006ffaebb30,0x0000000705380000)
 Metaspace       used 63497K, capacity 66360K, committed 66648K, reserved 1105920K
  class space    used 8582K, capacity 9299K, committed 9344K, reserved 1048576K
GC Heap History (10 events):
Event: 58.796 GC heap after
Heap after GC invocations=30 (full 6):
 PSYoungGen      total 725504K, used 190852K [0x000000076ab00000, 0x00000007ad100000, 0x00000007c0000000)
  eden space 426496K, 0% used [0x000000076ab00000,0x000000076ab00000,0x0000000784b80000)
  from space 299008K, 63% used [0x0000000797b80000,0x00000007a35e1038,0x00000007a9f80000)
  to   space 311296K, 0% used [0x0000000784b80000,0x0000000784b80000,0x0000000797b80000)
 ParOldGen       total 802816K, used 802581K [0x00000006c0000000, 0x00000006f1000000, 0x000000076ab00000)
  object space 802816K, 99% used [0x00000006c0000000,0x00000006f0fc5738,0x00000006f1000000)
 Metaspace       used 63495K, capacity 66354K, committed 66648K, reserved 1105920K
  class space    used 8581K, capacity 9298K, committed 9344K, reserved 1048576K
}
Event: 58.798 GC heap before
{Heap before GC invocations=31 (full 7):
 PSYoungGen      total 725504K, used 190852K [0x000000076ab00000, 0x00000007ad100000, 0x00000007c0000000)
  eden space 426496K, 0% used [0x000000076ab00000,0x000000076ab00000,0x0000000784b80000)
  from space 299008K, 63% used [0x0000000797b80000,0x00000007a35e1038,0x00000007a9f80000)
  to   space 311296K, 0% used [0x0000000784b80000,0x0000000784b80000,0x0000000797b80000)
 ParOldGen       total 802816K, used 802581K [0x00000006c0000000, 0x00000006f1000000, 0x000000076ab00000)
  object space 802816K, 99% used [0x00000006c0000000,0x00000006f0fc5738,0x00000006f1000000)
 Metaspace       used 63495K, capacity 66354K, committed 66648K, reserved 1105920K
  class space    used 8581K, capacity 9298K, committed 9344K, reserved 1048576K
Event: 59.128 GC heap after
Heap after GC invocations=31 (full 7):
 PSYoungGen      total 725504K, used 0K [0x000000076ab00000, 0x00000007ad100000, 0x00000007c0000000)
  eden space 426496K, 0% used [0x000000076ab00000,0x000000076ab00000,0x0000000784b80000)
  from space 299008K, 0% used [0x0000000797b80000,0x0000000797b80000,0x00000007a9f80000)
  to   space 311296K, 0% used [0x0000000784b80000,0x0000000784b80000,0x0000000797b80000)
 ParOldGen       total 1134080K, used 794805K [0x00000006c0000000, 0x0000000705380000, 0x000000076ab00000)
  object space 1134080K, 70% used [0x00000006c0000000,0x00000006f082d5f0,0x0000000705380000)
 Metaspace       used 63495K, capacity 66354K, committed 66648K, reserved 1105920K
  class space    used 8581K, capacity 9298K, committed 9344K, reserved 1048576K
}
Event: 61.065 GC heap before
{Heap before GC invocations=32 (full 7):
 PSYoungGen      total 725504K, used 413960K [0x000000076ab00000, 0x00000007ad100000, 0x00000007c0000000)
  eden space 426496K, 97% used [0x000000076ab00000,0x0000000783f42168,0x0000000784b80000)
  from space 299008K, 0% used [0x0000000797b80000,0x0000000797b80000,0x00000007a9f80000)
  to   space 311296K, 0% used [0x0000000784b80000,0x0000000784b80000,0x0000000797b80000)
 ParOldGen       total 1134080K, used 794805K [0x00000006c0000000, 0x0000000705380000, 0x000000076ab00000)
  object space 1134080K, 70% used [0x00000006c0000000,0x00000006f082d5f0,0x0000000705380000)
 Metaspace       used 63497K, capacity 66360K, committed 66648K, reserved 1105920K
  class space    used 8582K, capacity 9299K, committed 9344K, reserved 1048576K
Event: 61.121 GC heap after
Heap after GC invocations=32 (full 7):
 PSYoungGen      total 737792K, used 124351K [0x000000076ab00000, 0x00000007ad980000, 0x00000007c0000000)
  eden space 426496K, 0% used [0x000000076ab00000,0x000000076ab00000,0x0000000784b80000)
  from space 311296K, 39% used [0x0000000784b80000,0x000000078c4effa0,0x0000000797b80000)
  to   space 295936K, 0% used [0x000000079b880000,0x000000079b880000,0x00000007ad980000)
 ParOldGen       total 1134080K, used 794805K [0x00000006c0000000, 0x0000000705380000, 0x000000076ab00000)
  object space 1134080K, 70% used [0x00000006c0000000,0x00000006f082d5f0,0x0000000705380000)
 Metaspace       used 63497K, capacity 66360K, committed 66648K, reserved 1105920K
  class space    used 8582K, capacity 9299K, committed 9344K, reserved 1048576K
}
Event: 62.116 GC heap before
{Heap before GC invocations=33 (full 7):
 PSYoungGen      total 737792K, used 540285K [0x000000076ab00000, 0x00000007ad980000, 0x00000007c0000000)
  eden space 426496K, 97% used [0x000000076ab00000,0x000000078412f520,0x0000000784b80000)
  from space 311296K, 39% used [0x0000000784b80000,0x000000078c4effa0,0x0000000797b80000)
  to   space 295936K, 0% used [0x000000079b880000,0x000000079b880000,0x00000007ad980000)
 ParOldGen       total 1134080K, used 794805K [0x00000006c0000000, 0x0000000705380000, 0x000000076ab00000)
  object space 1134080K, 70% used [0x00000006c0000000,0x00000006f082d5f0,0x0000000705380000)
 Metaspace       used 63497K, capacity 66360K, committed 66648K, reserved 1105920K
  class space    used 8582K, capacity 9299K, committed 9344K, reserved 1048576K
Event: 62.167 GC heap after
Heap after GC invocations=33 (full 7):
 PSYoungGen      total 784896K, used 155335K [0x000000076ab00000, 0x00000007acf00000, 0x00000007c0000000)
  eden space 499712K, 0% used [0x000000076ab00000,0x000000076ab00000,0x0000000789300000)
  from space 285184K, 54% used [0x000000079b880000,0x00000007a5031d58,0x00000007acf00000)
  to   space 292864K, 0% used [0x0000000789300000,0x0000000789300000,0x000000079b100000)
 ParOldGen       total 1134080K, used 854162K [0x00000006c0000000, 0x0000000705380000, 0x000000076ab00000)
  object space 1134080K, 75% used [0x00000006c0000000,0x00000006f4224830,0x0000000705380000)
 Metaspace       used 63497K, capacity 66360K, committed 66648K, reserved 1105920K
  class space    used 8582K, capacity 9299K, committed 9344K, reserved 1048576K
}
Event: 63.381 GC heap before
{Heap before GC invocations=34 (full 7):
 PSYoungGen      total 784896K, used 655047K [0x000000076ab00000, 0x00000007acf00000, 0x00000007c0000000)
  eden space 499712K, 100% used [0x000000076ab00000,0x0000000789300000,0x0000000789300000)
  from space 285184K, 54% used [0x000000079b880000,0x00000007a5031d58,0x00000007acf00000)
  to   space 292864K, 0% used [0x0000000789300000,0x0000000789300000,0x000000079b100000)
 ParOldGen       total 1134080K, used 854162K [0x00000006c0000000, 0x0000000705380000, 0x000000076ab00000)
  object space 1134080K, 75% used [0x00000006c0000000,0x00000006f42248e0,0x0000000705380000)
 Metaspace       used 63497K, capacity 66360K, committed 66648K, reserved 1105920K
  class space    used 8582K, capacity 9299K, committed 9344K, reserved 1048576K
Event: 63.697 GC heap after
Heap after GC invocations=34 (full 7):
 PSYoungGen      total 792576K, used 195985K [0x000000076ab00000, 0x00000007b4200000, 0x00000007c0000000)
  eden space 499712K, 0% used [0x000000076ab00000,0x000000076ab00000,0x0000000789300000)
  from space 292864K, 66% used [0x0000000789300000,0x0000000795264640,0x000000079b100000)
  to   space 304128K, 0% used [0x00000007a1900000,0x00000007a1900000,0x00000007b4200000)
 ParOldGen       total 1134080K, used 980258K [0x00000006c0000000, 0x0000000705380000, 0x000000076ab00000)
  object space 1134080K, 86% used [0x00000006c0000000,0x00000006fbd48848,0x0000000705380000)
 Metaspace       used 63497K, capacity 66360K, committed 66648K, reserved 1105920K
  class space    used 8582K, capacity 9299K, committed 9344K, reserved 1048576K
}
Event: 63.698 GC heap before
{Heap before GC invocations=35 (full 8):
 PSYoungGen      total 792576K, used 195985K [0x000000076ab00000, 0x00000007b4200000, 0x00000007c0000000)
  eden space 499712K, 0% used [0x000000076ab00000,0x000000076ab00000,0x0000000789300000)
  from space 292864K, 66% used [0x0000000789300000,0x0000000795264640,0x000000079b100000)
  to   space 304128K, 0% used [0x00000007a1900000,0x00000007a1900000,0x00000007b4200000)
 ParOldGen       total 1134080K, used 980258K [0x00000006c0000000, 0x0000000705380000, 0x000000076ab00000)
  object space 1134080K, 86% used [0x00000006c0000000,0x00000006fbd48848,0x0000000705380000)
 Metaspace       used 63497K, capacity 66360K, committed 66648K, reserved 1105920K
  class space    used 8582K, capacity 9299K, committed 9344K, reserved 1048576K

